0 info it worked if it ends with ok
1 verbose cli [ '/usr/local/bin/node',
1 verbose cli   '/usr/local/bin/npm',
1 verbose cli   'install',
1 verbose cli   '-g',
1 verbose cli   'iron-meteor' ]
2 info using npm@2.7.4
3 info using node@v0.12.2
4 verbose node symlink /usr/local/bin/node
5 silly cache add args [ 'iron-meteor', null ]
6 verbose cache add spec iron-meteor
7 silly cache add parsed spec { raw: 'iron-meteor',
7 silly cache add   scope: null,
7 silly cache add   name: 'iron-meteor',
7 silly cache add   rawSpec: '',
7 silly cache add   spec: '*',
7 silly cache add   type: 'range' }
8 verbose addNamed iron-meteor@*
9 silly addNamed semver.valid null
10 silly addNamed semver.validRange *
11 silly addNameRange { name: 'iron-meteor', range: '*', hasData: false }
12 silly mapToRegistry name iron-meteor
13 silly mapToRegistry using default registry
14 silly mapToRegistry registry https://registry.npmjs.org/
15 silly mapToRegistry uri https://registry.npmjs.org/iron-meteor
16 verbose addNameRange registry:https://registry.npmjs.org/iron-meteor not in flight; fetching
17 verbose request uri https://registry.npmjs.org/iron-meteor
18 verbose request no auth needed
19 info attempt registry request try #1 at 3:21:18 PM
20 verbose request id 6c434c73a8e652e1
21 verbose etag "756BU7SP9KV1BSJXB9UQLS1R0"
22 http request GET https://registry.npmjs.org/iron-meteor
23 http 304 https://registry.npmjs.org/iron-meteor
24 silly get cb [ 304,
24 silly get   { date: 'Sun, 19 Apr 2015 19:21:18 GMT',
24 silly get     server: 'Apache',
24 silly get     via: '1.1 varnish',
24 silly get     'last-modified': 'Sun, 19 Apr 2015 19:21:18 GMT',
24 silly get     'cache-control': 'max-age=60',
24 silly get     etag: '"756BU7SP9KV1BSJXB9UQLS1R0"',
24 silly get     age: '0',
24 silly get     'x-served-by': 'cache-dfw1826-DFW',
24 silly get     'x-cache': 'MISS',
24 silly get     'x-cache-hits': '0',
24 silly get     'x-timer': 'S1429471278.492419,VS0,VE257',
24 silly get     vary: 'Accept',
24 silly get     'content-length': '0',
24 silly get     'keep-alive': 'timeout=10, max=50',
24 silly get     connection: 'Keep-Alive' } ]
25 verbose etag https://registry.npmjs.org/iron-meteor from cache
26 verbose get saving iron-meteor to /Users/andrewlouis/.npm/registry.npmjs.org/iron-meteor/.cache.json
27 silly addNameRange number 2 { name: 'iron-meteor', range: '*', hasData: true }
28 silly addNameRange versions [ 'iron-meteor', [ '1.0.0', '1.1.0', '1.1.1', '1.1.2' ] ]
29 verbose addNamed iron-meteor@1.1.2
30 silly addNamed semver.valid 1.1.2
31 silly addNamed semver.validRange 1.1.2
32 silly cache afterAdd iron-meteor@1.1.2
33 verbose afterAdd /Users/andrewlouis/.npm/iron-meteor/1.1.2/package/package.json not in flight; writing
34 verbose afterAdd /Users/andrewlouis/.npm/iron-meteor/1.1.2/package/package.json written
35 silly install resolved [ { name: 'iron-meteor',
35 silly install resolved     version: '1.1.2',
35 silly install resolved     description: 'A command line tool for scaffolding Meteor applications.',
35 silly install resolved     homepage: 'https://github.com/iron-meteor/iron-cli',
35 silly install resolved     bugs:
35 silly install resolved      { url: 'https://github.com/iron-meteor/iron-cli/issues',
35 silly install resolved        email: 'chris@eventedmind.com' },
35 silly install resolved     scripts: { test: 'mocha test/integration' },
35 silly install resolved     author: { name: 'Chris Mather', email: 'chris@eventedmind.com' },
35 silly install resolved     license: 'MIT',
35 silly install resolved     dependencies:
35 silly install resolved      { 'cli-color': '0.2.3',
35 silly install resolved        minimist: '0.0.8',
35 silly install resolved        underscore: '1.3.3',
35 silly install resolved        'cli-table': '0.3.0',
35 silly install resolved        ejs: '0.8.5',
35 silly install resolved        fibers: '1.0.5',
35 silly install resolved        'single-line-log': '0.4.1',
35 silly install resolved        'shell-source': '1.0.1',
35 silly install resolved        xtend: '^4.0.0' },
35 silly install resolved     bin: { iron: './bin/iron' },
35 silly install resolved     devDependencies:
35 silly install resolved      { chai: '^1.9.1',
35 silly install resolved        chdir: '0.0.0',
35 silly install resolved        'concat-stream': '^1.4.6',
35 silly install resolved        mkdirp: '^0.5.0',
35 silly install resolved        mocha: '^1.21.4',
35 silly install resolved        rimraf: '^2.2.8' },
35 silly install resolved     contributors:
35 silly install resolved      [ [Object],
35 silly install resolved        [Object],
35 silly install resolved        [Object],
35 silly install resolved        [Object],
35 silly install resolved        [Object],
35 silly install resolved        [Object],
35 silly install resolved        [Object],
35 silly install resolved        [Object],
35 silly install resolved        [Object],
35 silly install resolved        [Object],
35 silly install resolved        [Object],
35 silly install resolved        [Object],
35 silly install resolved        [Object],
35 silly install resolved        [Object],
35 silly install resolved        [Object],
35 silly install resolved        [Object],
35 silly install resolved        [Object],
35 silly install resolved        [Object],
35 silly install resolved        [Object],
35 silly install resolved        [Object],
35 silly install resolved        [Object],
35 silly install resolved        [Object],
35 silly install resolved        [Object],
35 silly install resolved        [Object],
35 silly install resolved        [Object],
35 silly install resolved        [Object],
35 silly install resolved        [Object],
35 silly install resolved        [Object],
35 silly install resolved        [Object],
35 silly install resolved        [Object] ],
35 silly install resolved     gitHead: 'efacb1402f0609b50f16b5cb81ef0373e63bf69e',
35 silly install resolved     _id: 'iron-meteor@1.1.2',
35 silly install resolved     _shasum: '9b65ae789d776a16f9853a8d832dda257eecf8e1',
35 silly install resolved     _from: 'iron-meteor@*',
35 silly install resolved     _npmVersion: '2.0.0',
35 silly install resolved     _npmUser: { name: 'cmather', email: 'chris@eventedmind.com' },
35 silly install resolved     maintainers: [ [Object] ],
35 silly install resolved     dist:
35 silly install resolved      { shasum: '9b65ae789d776a16f9853a8d832dda257eecf8e1',
35 silly install resolved        tarball: 'http://registry.npmjs.org/iron-meteor/-/iron-meteor-1.1.2.tgz' },
35 silly install resolved     directories: {},
35 silly install resolved     _resolved: 'https://registry.npmjs.org/iron-meteor/-/iron-meteor-1.1.2.tgz',
35 silly install resolved     readme: 'ERROR: No README data found!' } ]
36 info install iron-meteor@1.1.2 into /usr/local/lib
37 info installOne iron-meteor@1.1.2
38 verbose installOne of iron-meteor to /usr/local/lib not in flight; installing
39 warn locking Error: EACCES, open '/Users/andrewlouis/.npm/_locks/iron-meteor-dd7c95e3a48c57c7.lock'
39 warn locking     at Error (native)
39 warn locking  /Users/andrewlouis/.npm/_locks/iron-meteor-dd7c95e3a48c57c7.lock failed { [Error: EACCES, open '/Users/andrewlouis/.npm/_locks/iron-meteor-dd7c95e3a48c57c7.lock']
39 warn locking   errno: -13,
39 warn locking   code: 'EACCES',
39 warn locking   path: '/Users/andrewlouis/.npm/_locks/iron-meteor-dd7c95e3a48c57c7.lock' }
40 verbose stack Error: Attempt to unlock /usr/local/lib/node_modules/iron-meteor, which hasn't been locked
40 verbose stack     at unlock (/usr/local/lib/node_modules/npm/lib/utils/locker.js:66:11)
40 verbose stack     at cb (/usr/local/lib/node_modules/npm/lib/install.js:1004:5)
40 verbose stack     at /usr/local/lib/node_modules/npm/lib/install.js:1008:20
40 verbose stack     at /usr/local/lib/node_modules/npm/lib/utils/locker.js:40:9
40 verbose stack     at cb (/usr/local/lib/node_modules/npm/node_modules/lockfile/lockfile.js:149:38)
40 verbose stack     at /usr/local/lib/node_modules/npm/node_modules/lockfile/lockfile.js:177:38
40 verbose stack     at FSReqWrap.oncomplete (fs.js:95:15)
41 verbose cwd /Users/andrewlouis/Desktop/yoke
42 error Darwin 14.1.0
43 error argv "/usr/local/bin/node" "/usr/local/bin/npm" "install" "-g" "iron-meteor"
44 error node v0.12.2
45 error npm  v2.7.4
46 error Attempt to unlock /usr/local/lib/node_modules/iron-meteor, which hasn't been locked
47 error If you need help, you may report this error at:
47 error     <https://github.com/npm/npm/issues>
48 verbose exit [ 1, true ]
